TN:
SF:src/index.ts
FN:10,getObject
FN:12,(anonymous_1)
FN:26,createObject
FN:28,(anonymous_3)
FN:42,freeObject
FN:44,(anonymous_5)
FNF:6
FNH:6
FNDA:3,getObject
FNDA:2,(anonymous_1)
FNDA:3,createObject
FNDA:1,(anonymous_3)
FNDA:3,freeObject
FNDA:2,(anonymous_5)
DA:1,1
DA:4,1
DA:10,1
DA:11,3
DA:12,3
DA:13,3
DA:14,1
DA:15,1
DA:16,1
DA:18,2
DA:26,1
DA:27,3
DA:28,3
DA:29,1
DA:31,2
DA:32,2
DA:33,2
DA:34,2
DA:42,1
DA:43,3
DA:44,3
DA:45,3
DA:46,2
DA:47,2
DA:48,2
DA:50,1
LF:26
LH:26
BRDA:13,0,0,1
BRDA:13,0,1,2
BRDA:28,1,0,1
BRDA:28,1,1,2
BRDA:45,2,0,2
BRDA:45,2,1,1
BRF:6
BRH:6
end_of_record
TN:
SF:src/database/index.ts
FN:11,readObjects
FN:20,writeObjects
FNF:2
FNH:0
FNDA:0,readObjects
FNDA:0,writeObjects
DA:3,1
DA:4,1
DA:7,1
DA:11,1
DA:12,0
DA:13,0
DA:14,0
DA:16,0
DA:20,1
DA:21,0
LF:10
LH:5
BRF:0
BRH:0
end_of_record
